<?xml version="1.0" encoding="UTF-8"?>
<!-- Generated by org.testng.reporters.JUnitReportReporter -->
<testsuite hostname="Dipeshs-MacBook-Pro.local" failures="0" tests="1" name="com.api.automation.api_automation.AppTest" time="2.535" errors="0" timestamp="2024-07-01T13:18:48 IST" skipped="0">
  <testcase classname="com.api.automation.api_automation.AppTest" name="testWeatherInLondon" time="2.535"/>
  <system-out/>
</testsuite> <!-- com.api.automation.api_automation.AppTest -->
