<?xml version="1.0" encoding="UTF-8"?>
<!-- Generated by org.testng.reporters.JUnitReportReporter -->
<testsuite hostname="Dipeshs-MacBook-Pro.local" failures="0" tests="1" name="com.api.automation.api_automation.ApiTests" time="2.940" errors="0" timestamp="2024-07-01T11:42:47 IST" skipped="0">
  <testcase classname="com.api.automation.api_automation.ApiTests" name="postCityPopulation" time="2.940"/>
  <system-out/>
</testsuite> <!-- com.api.automation.api_automation.ApiTests -->
